Arguments: 
  C:\Program Files\nodejs\node.exe C:\Users\omero\AppData\Roaming\npm\node_modules\yarn\bin\yarn.js add bulma

PATH: 
  D:\WWW\VUE\VUE-BOOTCAMP\vu3-vite-composition-api-app\node_modules\.bin;C:\Windows\system32;C:\Windows;C:\Windows\System32\Wbem;C:\Windows\System32\WindowsPowerShell\v1.0\;C:\Windows\System32\OpenSSH\;C:\Program Files (x86)\NVIDIA Corporation\PhysX\Common;C:\Program Files\Git\cmd;C:\Program Files\nodejs\;C:\Users\omero\AppData\Local\Microsoft\WindowsApps;;C:\Program Files\JetBrains\WebStorm 2021.2.3\bin;;C:\Users\omero\AppData\Roaming\npm

Yarn version: 
  1.22.17

Node version: 
  16.13.0

Platform: 
  win32 x64

Trace: 
  Error: EPERM: operation not permitted, unlink 'D:\WWW\VUE\VUE-BOOTCAMP\vu3-vite-composition-api-app\node_modules\esbuild-windows-64\esbuild.exe'

npm manifest: 
  {
    "name": "vu3-vite-composition-api-app",
    "version": "0.0.0",
    "scripts": {
      "dev": "vite",
      "build": "vite build",
      "serve": "vite preview"
    },
    "dependencies": {
      "vue": "^3.2.16"
    },
    "devDependencies": {
      "@vitejs/plugin-vue": "^1.9.3",
      "vite": "^2.6.4"
    }
  }

yarn manifest: 
  No manifest

Lockfile: 
  No lockfile
