{"level":"info",
"message":{"_id":"61ae1f772a077e51a351c3d4",
"createdAt":"2021-12-06T14:34:31.740Z",
"name":"Logger Test",
"updatedAt":"2021-12-06T14:34:31.740Z"},
"service":"user-service"}
{"level":"info","message":{"_id":"61ae1fe3a932a339b53bcd80","createdAt":"2021-12-06T14:36:19.664Z","name":"Logger Test","updatedAt":"2021-12-06T14:36:19.664Z"},"service":"project-service"}
{"level":"info","message":{"_id":"61ae2208fda249ff4833023a","createdAt":"2021-12-06T14:45:28.414Z","name":"Logger Test","updatedAt":"2021-12-06T14:45:28.414Z"},"service":"project-service"}
{"level":"info","message":{"_id":"61ae3755cc1c66e0a865e2f8","createdAt":"2021-12-06T16:16:21.783Z","name":"Logger Test","updatedAt":"2021-12-06T16:16:21.783Z"},"service":"project-service"}
{"level":"info","message":{"_id":"61ae3998678192823a2e03b3","createdAt":"2021-12-06T16:26:00.058Z","email":"omer.olgn@gmail.com","full_name":"Ömer Ölgün","password":"123456","updatedAt":"2021-12-06T16:26:00.058Z"},"service":"project-service"}
{"level":"info","message":{"_id":"61ae657da8a1a71d7a5bca7d","createdAt":"2021-12-06T19:33:17.191Z","email":"omern@gmail.com","full_name":"Ömer Ölgün","password":"$2b$11$ZmHH6KgCKalblhIdWhsVJuOuOBzgQ1DPjCknUYUeiN9lnGTxR5sYS","updatedAt":"2021-12-06T19:33:17.191Z"},"service":"project-service"}
{"level":"info","message":{"_id":"61af7424e25e6dfc9afb6c08","createdAt":"2021-12-07T14:48:04.043Z","email":"omer.olgn@gmail.com","full_name":"Ömer Ölgün","password":"$2b$15$fxu0Z7a.UDgb5nlEl9Fdxu2g7Mi87vx1JED3FSryQ/MLVtQWSwMHy","updatedAt":"2021-12-07T14:48:04.043Z"},"service":"project-service"}
{"level":"info","message":{"_id":"61af74ceea64e7adecc2c5d8","createdAt":"2021-12-07T14:50:54.516Z","email":"omer.olgn1@gmail.com","full_name":"Ömer Ölgün","password":"$2b$15$Gu2OAKvsXwDJfsB1wAqBcOWKhacEOTuN7vWBVKfBIo/ou7xp88JaS","updatedAt":"2021-12-07T14:50:54.516Z"},"service":"project-service"}
{"level":"info","message":{"_id":"61af770706261765477ea3c1","createdAt":"2021-12-07T15:00:23.921Z","email":"omer.olgn11@gmail.com","full_name":"Ömer Ölgün","password":"$2b$15$oz9M8snGWqVtkjfKNi6Cxuq88Sl.OjtnIFKywIB.ujmS0n2k1Lh86","updatedAt":"2021-12-07T15:00:23.921Z"},"service":"project-service"}
{"level":"info","message":{"_id":"61af773906261765477ea3c3","createdAt":"2021-12-07T15:01:13.380Z","email":"omer.olgn111@gmail.com","full_name":"Ömer Ölgün","password":"$2b$15$WgaH8a7ZaT6H89MlpZsqBe7Mp/Rzj2atM9BvxuKs50J8RwYpUy1Yu","updatedAt":"2021-12-07T15:01:13.380Z"},"service":"project-service"}
{"level":"info","message":{"_id":"61af77a7654e07dddcbf0a1b","createdAt":"2021-12-07T15:03:03.167Z","email":"omer.olgn1111@gmail.com","full_name":"Ömer Ölgün","password":"$2b$15$JnVgRpnUq9IoTj.7yqX9neceUkabfYF7xHl.Zb4x5hrObi/N24JTa","updatedAt":"2021-12-07T15:03:03.167Z"},"service":"project-service"}
{"level":"info","message":{"_id":"61af7a1bda5e0c4ea7cc3c0c","createdAt":"2021-12-07T15:13:31.516Z","email":"omer.olgn111111@gmail.com","full_name":"Ömer Ölgün","password":"$2b$15$ieTin0Ct630kJpIIbqueruQAgm9RZHwVWnrT8jbF7pgGWW64nVQm2","updatedAt":"2021-12-07T15:13:31.516Z"},"service":"project-service"}
{"level":"info","message":{"_id":"61af7e755f9ce56f5a3d2d48","createdAt":"2021-12-07T15:32:06.012Z","email":"omer.olgn@gmai̇l.com","full_name":"Ömer Ölgün","password":"$2b$15$delb9fDJGH2t.6p3SHDeW.he/3U3.Z2DwGaAw.Os1pwYEnBdyWWmi","updatedAt":"2021-12-07T15:32:06.012Z"},"service":"project-service"}
{"level":"info","message":{"_id":"61af7ea35f9ce56f5a3d2d4a","createdAt":"2021-12-07T15:32:51.604Z","email":"omer.olgn@gmail.com","full_name":"Ömer Ölgün","password":"$2b$15$WlgKr3um1olRRAE9zuqKmOMOGyHsuhjcAcmuqGoSmepVJkSpeAdWq","updatedAt":"2021-12-07T15:32:51.604Z"},"service":"project-service"}
{"level":"info","message":{"_id":"61af7ec65f9ce56f5a3d2d4c","createdAt":"2021-12-07T15:33:26.861Z","email":"omer.olgn@gmail.com","full_name":"Ömer Ölgün","password":"$2b$15$0.kCBi624Du.ocPyUwqhgeFbdX8JxwXctNxJesBxg4E5SUFCpRx.W","updatedAt":"2021-12-07T15:33:26.861Z"},"service":"project-service"}
{"level":"info","message":{"_id":"61af7ecb5f9ce56f5a3d2d4e","createdAt":"2021-12-07T15:33:31.105Z","email":"omer.olgn@gmail.com","full_name":"Ömer Ölgün","password":"$2b$15$N1IueNKvvN4wmJCqx.Buauh.XkjYG8../FLb8Bt/WrkLAdDpFso8O","updatedAt":"2021-12-07T15:33:31.105Z"},"service":"project-service"}
{"level":"info","message":{"_id":"61af7f48c329cf05b3f7d9f5","createdAt":"2021-12-07T15:35:36.064Z","email":"omer.olgn@gmail.com","full_name":"Ömer Ölgün","password":"$2b$15$tO1AM0yYwdEbBuyXSxGJSehvkTz.R35Xn4x31PFi9XN4fwIbl/HLC","updatedAt":"2021-12-07T15:35:36.064Z"},"service":"project-service"}
{"level":"info","message":{"_id":"61afd61ca1ecdddc8c1f8ce2","createdAt":"2021-12-07T21:46:04.444Z","name":"Logger Test","updatedAt":"2021-12-07T21:46:04.444Z"},"service":"project-service"}
{"level":"info","message":{"_id":"61b0afa0bdd8873af7c11568","createdAt":"2021-12-08T13:14:08.527Z","name":"Logger Test","updatedAt":"2021-12-08T13:14:08.527Z"},"service":"project-service"}
{"level":"info","message":{"_id":"61b0afc4bdd8873af7c1156a","createdAt":"2021-12-08T13:14:44.379Z","name":"Logger Test","updatedAt":"2021-12-08T13:14:44.379Z"},"service":"project-service"}
{"level":"info","message":{"_id":"61b0afc8bdd8873af7c1156c","createdAt":"2021-12-08T13:14:48.030Z","name":"Logger Test","updatedAt":"2021-12-08T13:14:48.030Z"},"service":"project-service"}
{"level":"info","message":{"_id":"61b0aff5bdd8873af7c1156e","createdAt":"2021-12-08T13:15:33.384Z","name":"Logger Test","updatedAt":"2021-12-08T13:15:33.384Z"},"service":"project-service"}
{"level":"info","message":{"_id":"61b0b007134c7e1a2a0e8017","createdAt":"2021-12-08T13:15:52.002Z","name":"Logger Test","updatedAt":"2021-12-08T13:15:52.002Z"},"service":"project-service"}
{"level":"info","message":{"_id":"61b0b0389ad043bcca46b810","createdAt":"2021-12-08T13:16:40.049Z","name":"Logger Test","updatedAt":"2021-12-08T13:16:40.049Z"},"service":"project-service"}
{"level":"info","message":{"_id":"61b0b050bbcadf2b41257fb5","createdAt":"2021-12-08T13:17:04.123Z","name":"Logger Test","updatedAt":"2021-12-08T13:17:04.123Z"},"service":"project-service"}
{"level":"info","message":{"_id":"61b0b20bca787e3a638777c9","createdAt":"2021-12-08T13:24:27.353Z","name":"Logger Test","updatedAt":"2021-12-08T13:24:27.353Z"},"service":"project-service"}
{"level":"info","message":{"_id":"61b0b20fca787e3a638777cd","createdAt":"2021-12-08T13:24:31.410Z","name":"Logger Test","updatedAt":"2021-12-08T13:24:31.410Z"},"service":"project-service"}
{"level":"info","message":{"_id":"61b0b2cc05d65350b35d89ba","createdAt":"2021-12-08T13:27:40.064Z","name":"Logger Test","updatedAt":"2021-12-08T13:27:40.064Z"},"service":"project-service"}
{"level":"info","message":{"_id":"61b0b447f76cb46160d07bb4","createdAt":"2021-12-08T13:33:59.963Z","name":"Logger Test","updatedAt":"2021-12-08T13:33:59.963Z"},"service":"project-service"}
{"level":"info","message":{"_id":"61b0b7301a06ed7f56bd8106","createdAt":"2021-12-08T13:46:24.722Z","name":"Logger Test","updatedAt":"2021-12-08T13:46:24.722Z"},"service":"project-service"}
{"level":"info","message":{"_id":"61b0b7321a06ed7f56bd8108","createdAt":"2021-12-08T13:46:26.990Z","name":"Logger Test","updatedAt":"2021-12-08T13:46:26.990Z"},"service":"project-service"}
{"level":"info","message":{"_id":"61b0b8664c9de965007916de","createdAt":"2021-12-08T13:51:34.861Z","name":"Logger Test","updatedAt":"2021-12-08T13:51:34.861Z"},"service":"project-service"}
{"level":"info","message":{"_id":"61b0b896a4e987b5cb17f07a","createdAt":"2021-12-08T13:52:22.770Z","name":"Logger Test","updatedAt":"2021-12-08T13:52:22.770Z"},"service":"project-service"}
{"level":"info","message":{"_id":"61b0b899a4e987b5cb17f07c","createdAt":"2021-12-08T13:52:25.228Z","name":"Logger Test","updatedAt":"2021-12-08T13:52:25.228Z"},"service":"project-service"}
{"level":"info","message":{"_id":"61b0b9a612727e6a4befe207","createdAt":"2021-12-08T13:56:55.011Z","name":"Logger Test22","updatedAt":"2021-12-08T13:56:55.011Z"},"service":"project-service"}
{"level":"info","message":{"_id":"61b0b9c9959834f7c10ec090","createdAt":"2021-12-08T13:57:29.401Z","name":"Logger Test222","updatedAt":"2021-12-08T13:57:29.401Z"},"service":"project-service"}
{"level":"info","message":{"_id":"61b0ba6f557a6d4c0c3e6a25","createdAt":"2021-12-08T14:00:15.771Z","name":"Logger Test222","updatedAt":"2021-12-08T14:00:15.771Z"},"service":"project-service"}
{"level":"info","message":{"_id":"61b0ba71557a6d4c0c3e6a27","createdAt":"2021-12-08T14:00:17.824Z","name":"Logger Test222","updatedAt":"2021-12-08T14:00:17.824Z"},"service":"project-service"}
{"level":"info","message":{"_id":"61b0ba8b557a6d4c0c3e6a29","createdAt":"2021-12-08T14:00:43.757Z","name":"Logger Test222","updatedAt":"2021-12-08T14:00:43.757Z"},"service":"project-service"}
{"level":"info","message":{"_id":"61b0ba8fc6bdcd8d1c02fe8f","createdAt":"2021-12-08T14:00:47.034Z","name":"Logger Test222","updatedAt":"2021-12-08T14:00:47.034Z"},"service":"project-service"}
{"level":"info","message":{"_id":"61b0baacc6bdcd8d1c02fe91","createdAt":"2021-12-08T14:01:16.042Z","name":"Logger Test222","updatedAt":"2021-12-08T14:01:16.042Z"},"service":"project-service"}
{"level":"info","message":{"_id":"61b0baaf161d8a0404fae9da","createdAt":"2021-12-08T14:01:19.322Z","name":"Logger Test222","updatedAt":"2021-12-08T14:01:19.322Z"},"service":"project-service"}
{"level":"info","message":{"_id":"61b0bacee90063a109e658b0","createdAt":"2021-12-08T14:01:50.758Z","name":"Logger Test222","updatedAt":"2021-12-08T14:01:50.758Z"},"service":"project-service"}
{"level":"info","message":{"_id":"61b0bad7e90063a109e658b2","createdAt":"2021-12-08T14:01:59.197Z","name":"Logger Test222","updatedAt":"2021-12-08T14:01:59.197Z"},"service":"project-service"}
{"level":"info","message":{"_id":"61b0badc344ff9b8b8a74576","createdAt":"2021-12-08T14:02:04.054Z","name":"Logger Test222","updatedAt":"2021-12-08T14:02:04.054Z"},"service":"project-service"}
{"level":"info","message":{"_id":"61b0bae0344ff9b8b8a74579","createdAt":"2021-12-08T14:02:08.144Z","name":"Logger Test222","updatedAt":"2021-12-08T14:02:08.144Z"},"service":"project-service"}
{"level":"info","message":{"_id":"61b0baf58474654c2e970719","createdAt":"2021-12-08T14:02:29.518Z","name":"Logger Test222","updatedAt":"2021-12-08T14:02:29.518Z"},"service":"project-service"}
{"level":"info","message":{"_id":"61b0bafa8474654c2e97071d","createdAt":"2021-12-08T14:02:34.782Z","name":"Logger Test222","updatedAt":"2021-12-08T14:02:34.782Z"},"service":"project-service"}
{"level":"info","message":{"_id":"61b0bafc8474654c2e97071f","createdAt":"2021-12-08T14:02:36.695Z","name":"Logger Test222","updatedAt":"2021-12-08T14:02:36.695Z"},"service":"project-service"}
{"level":"info","message":{"_id":"61b0bb28b34bb0947f3c0b0d","createdAt":"2021-12-08T14:03:20.424Z","name":"Logger Testwer222","updatedAt":"2021-12-08T14:03:20.424Z"},"service":"project-service"}
{"level":"info","message":{"_id":"61b0bb2ab34bb0947f3c0b0f","createdAt":"2021-12-08T14:03:22.499Z","name":"Logger Testwer222","updatedAt":"2021-12-08T14:03:22.499Z"},"service":"project-service"}
{"level":"info","message":{"_id":"61b0bb2fb34bb0947f3c0b11","createdAt":"2021-12-08T14:03:27.980Z","name":"Loggerddd Testwer222","updatedAt":"2021-12-08T14:03:27.980Z"},"service":"project-service"}
{"level":"info","message":{"_id":"61b0bbb3b900d5c191a877bf","createdAt":"2021-12-08T14:05:39.862Z","name":"Loggerddd Testwer222","updatedAt":"2021-12-08T14:05:39.862Z","user_id":"61af7f48c329cf05b3f7d9f5"},"service":"project-service"}
{"level":"info","message":{"_id":"61b0bbd7b900d5c191a877c1","createdAt":"2021-12-08T14:06:15.649Z","name":"Loggerddd Testwer222","updatedAt":"2021-12-08T14:06:15.649Z","user_id":"61af7f48c329cf05b3f7d9f5"},"service":"project-service"}
{"level":"info","message":{"_id":"61b0bbeabccba8b19d87a226","createdAt":"2021-12-08T14:06:34.797Z","name":"Loggerddd Testwer222","updatedAt":"2021-12-08T14:06:34.797Z"},"service":"project-service"}
{"level":"info","message":{"_id":"61b0bc03bccba8b19d87a228","createdAt":"2021-12-08T14:06:59.465Z","name":"Loggerddd Testwer222","updatedAt":"2021-12-08T14:06:59.465Z"},"service":"project-service"}
{"level":"info","message":{"_id":"61b0bc077357b66efb7b12d9","createdAt":"2021-12-08T14:07:03.227Z","name":"Loggerddd Testwer222","updatedAt":"2021-12-08T14:07:03.227Z"},"service":"project-service"}
{"level":"info","message":{"_id":"61b0bc273a2935b1b5fd2009","createdAt":"2021-12-08T14:07:35.135Z","name":"Loggerddd Testwer222","updatedAt":"2021-12-08T14:07:35.135Z","user_id":"61af7f48c329cf05b3f7d9f5"},"service":"project-service"}
{"level":"info","message":{"_id":"61b0be5df8e879cc8c460c04","createdAt":"2021-12-08T14:17:01.165Z","name":"Loggerddd Testwer222","updatedAt":"2021-12-08T14:17:01.165Z","userId":"61af7f48c329cf05b3f7d9f5"},"service":"project-service"}
{"level":"info","message":{"_id":"61b0be5ff8e879cc8c460c06","createdAt":"2021-12-08T14:17:03.801Z","name":"Loggerddd Testwer222","updatedAt":"2021-12-08T14:17:03.801Z","userId":"61af7f48c329cf05b3f7d9f5"},"service":"project-service"}
{"level":"info","message":{"_id":"61b0bea4f8e879cc8c460c08","createdAt":"2021-12-08T14:18:12.821Z","name":"Test Project","updatedAt":"2021-12-08T14:18:12.821Z","userId":"61af7f48c329cf05b3f7d9f5"},"service":"project-service"}
{"level":"info","message":{"_id":"61b11259f6c39b1d8a3e3d43","createdAt":"2021-12-08T20:15:21.310Z","name":"Test Project Yeni","updatedAt":"2021-12-08T20:15:21.310Z","user":"61af7f48c329cf05b3f7d9f5"},"service":"project-service"}
{"level":"info","message":{"_id":"61b11338a667282e09deb3e9","createdAt":"2021-12-08T20:19:04.423Z","name":"Test Project Yeni111","updatedAt":"2021-12-08T20:19:04.423Z","user":"61af7f48c329cf05b3f7d9f5"},"service":"project-service"}
{"level":"info","message":{"_id":"61b113a4f971131c5c9a307f","createdAt":"2021-12-08T20:20:52.694Z","name":"Test Project","updatedAt":"2021-12-08T20:20:52.694Z","user":"61af7f48c329cf05b3f7d9f5"},"service":"project-service"}
{"level":"info","message":{"_id":"61b113c7f971131c5c9a3081","createdAt":"2021-12-08T20:21:27.284Z","name":"Test Project","updatedAt":"2021-12-08T20:21:27.284Z","user":"61af7f48c329cf05b3f7d9f5"},"service":"project-service"}
{"level":"info","message":{"_id":"61b113ccb0ff0847977b62d7","createdAt":"2021-12-08T20:21:32.631Z","name":"Test Project","updatedAt":"2021-12-08T20:21:32.631Z","user":"61af7f48c329cf05b3f7d9f5"},"service":"project-service"}
{"level":"info","message":{"_id":"61b113d1b0ff0847977b62d9","createdAt":"2021-12-08T20:21:37.413Z","name":"Test Project111","updatedAt":"2021-12-08T20:21:37.413Z","user":"61af7f48c329cf05b3f7d9f5"},"service":"project-service"}
{"level":"info","message":{"_id":"61b113f9a082ef6b3ae1d742","createdAt":"2021-12-08T20:22:17.761Z","name":"Test Project111","updatedAt":"2021-12-08T20:22:17.761Z","user":"61af7f48c329cf05b3f7d9f5"},"service":"project-service"}
{"level":"info","message":{"_id":"61b1142ba082ef6b3ae1d744","createdAt":"2021-12-08T20:23:07.017Z","name":"Test Project111","updatedAt":"2021-12-08T20:23:07.017Z","user":"61af7f48c329cf05b3f7d9f5"},"service":"project-service"}
{"level":"info","message":{"_id":"61b1144f18351872f60bf6c7","createdAt":"2021-12-08T20:23:43.164Z","name":"Test Project111","updatedAt":"2021-12-08T20:23:43.164Z","user":"61af7f48c329cf05b3f7d9f5"},"service":"project-service"}
{"level":"info","message":{"_id":"61b1169822511c7e802e5a79","createdAt":"2021-12-08T20:33:28.256Z","email":"omer.olgn@gmail.com","full_name":"Ömer Ölgün","password":"$2b$15$OBgQyrD9QBt920iR4nTu8.7Z7A/v8BiqmzpX9gj5QGKtMRJYET842","updatedAt":"2021-12-08T20:33:28.256Z"},"service":"project-service"}
{"level":"info","message":{"_id":"61b116c322511c7e802e5a7b","createdAt":"2021-12-08T20:34:11.707Z","email":"omer.olgn@gmail.com","full_name":"Ömer Ölgün","password":"$2b$15$oL856.UYdLONraq0Lzh0N.K2IDh6RCU41Qi3HlQrP9/c98lOL0xuO","updatedAt":"2021-12-08T20:34:11.707Z"},"service":"project-service"}
{"level":"info","message":{"_id":"61b1173026ea1222daafdca0","createdAt":"2021-12-08T20:36:00.184Z","email":"omer.olgn@gmail.com","full_name":"Ömer Ölgün","password":"$2b$15$x2i5IXpKrqGpECZ0zG44EOX39Qa6WTCctNbolv.9jGlDzYF98APnK","updatedAt":"2021-12-08T20:36:00.184Z"},"service":"project-service"}
{"level":"info","message":{"_id":"61b1173e26ea1222daafdca2","createdAt":"2021-12-08T20:36:14.480Z","email":"omer.olgn@gmail.com","full_name":"Ömer Ölgün","password":"$2b$15$naK.MdNKTfGKIikYhWQX5O4sXGod5K0JCFxRD6ZmzX5dDJprjsNdO","updatedAt":"2021-12-08T20:36:14.480Z"},"service":"project-service"}
{"level":"info","message":{"_id":"61b1174326ea1222daafdca4","createdAt":"2021-12-08T20:36:19.385Z","email":"omer.olgn@gmail.com","full_name":"Ömer Ölgün","password":"$2b$15$NswgLCqLQyXqZYqWUek7W.3Chm.PcquHSnU3GsWW1856NYx1D8ZoS","updatedAt":"2021-12-08T20:36:19.385Z"},"service":"project-service"}
{"level":"info","message":{"_id":"61b117d326ea1222daafdca6","createdAt":"2021-12-08T20:38:43.600Z","email":"omer.olgn@gmail.com","full_name":"Ömer Ölgün","password":"$2b$15$8P9J81g07l9Z7w1/fIrRcO0.r66FBwBHYJDzdtwtAzVWHioAUydUC","updatedAt":"2021-12-08T20:38:43.600Z"},"service":"project-service"}
{"level":"info","message":{"_id":"61b117db26ea1222daafdca8","createdAt":"2021-12-08T20:38:51.201Z","email":"omer.olgn@gmail.com","full_name":"Ömer Ölgün","password":"$2b$15$QCoUh.lcuwyl6nkoZFR21.HngoOGGgYvJrFAaG2LVtfXBuEnKK8zW","updatedAt":"2021-12-08T20:38:51.201Z"},"service":"project-service"}
{"level":"info","message":{"_id":"61b118c026ea1222daafdcaa","createdAt":"2021-12-08T20:42:40.699Z","email":"omer.olgn@gmail.com","full_name":"Ömer Ölgün","password":"$2b$15$jpxAwBvF/ZS93IQRLx.dEOYQ5DQvSNKQwEtWvTo/DurOVkL88HCNG","updatedAt":"2021-12-08T20:42:40.699Z"},"service":"project-service"}
{"level":"info","message":{"_id":"61b118c526ea1222daafdcac","createdAt":"2021-12-08T20:42:45.268Z","email":"omer.olgn@gmail.com","full_name":"Ömer Ölgün","password":"$2b$15$NCIgV.3nbLxijHW30nMnD.T6Mj2kG4eYM4RNZN7soowy7DudRhJva","updatedAt":"2021-12-08T20:42:45.268Z"},"service":"project-service"}
{"level":"info","message":{"_id":"61b11a3626ea1222daafdcb4","createdAt":"2021-12-08T20:48:54.107Z","email":"omer.olgn@gmail.com","full_name":"Ömer Ölgün","password":"$2b$15$vw0bvtNnbuc46L0tq87yqOqrSLnk8WnN3z2j9EdKO2cRKHzTT9WpC","updatedAt":"2021-12-08T20:48:54.107Z"},"service":"project-service"}
{"level":"info","message":{"_id":"61b11abe7b08b6fc202fd179","createdAt":"2021-12-08T20:51:10.697Z","email":"omer.olgn@gmail.com","full_name":"Ömer Ölgün","password":"$2b$15$/rpsHpbjF.9RklDmDVhAvejrLzcgXyRUXB7gcQRAK0J77CVgqr0s2","updatedAt":"2021-12-08T20:51:10.697Z"},"service":"project-service"}
{"level":"info","message":{"_id":"61b11bb7a1540b6a46ce3590","createdAt":"2021-12-08T20:55:19.728Z","email":"omer.olgn@gmail.com","full_name":"Ömer Ölgün","password":"$2b$15$tV7bYlIGVerAHGmaIS1CEuCvyclWT.QijLoFi9W9Lf4NoZznNdva.","updatedAt":"2021-12-08T20:55:19.728Z"},"service":"project-service"}
